#
# There is insufficient memory for the Java Runtime Environment to continue.
# Native memory allocation (malloc) failed to allocate 1080592 bytes for Chunk::new
# Possible reasons:
#   The system is out of physical RAM or swap space
#   The process is running with CompressedOops enabled, and the Java Heap may be blocking the growth of the native heap
# Possible solutions:
#   Reduce memory load on the system
#   Increase physical memory or swap space
#   Check if swap backing store is full
#   Decrease Java heap size (-Xmx/-Xms)
#   Decrease number of Java threads
#   Decrease Java thread stack sizes (-Xss)
#   Set larger code cache with -XX:ReservedCodeCacheSize=
#   JVM is running with Unscaled Compressed Oops mode in which the Java heap is
#     placed in the first 4GB address space. The Java Heap base address is the
#     maximum limit for the native heap growth. Please use -XX:HeapBaseMinAddress
#     to set the Java Heap base and to place the Java Heap above 4GB virtual address.
# This output file may be truncated or incomplete.
#
#  Out of Memory Error (allocation.cpp:389), pid=10504, tid=0x00000000000017d8
#
# JRE version: OpenJDK Runtime Environment (8.0_212-b04) (build 1.8.0_212-release-1586-b04)
# Java VM: OpenJDK 64-Bit Server VM (25.212-b04 mixed mode windows-amd64 compressed oops)
# Failed to write core dump. Minidumps are not enabled by default on client versions of Windows
#

---------------  T H R E A D  ---------------

Current thread (0x000000001a143000):  JavaThread "C2 CompilerThread2" daemon [_thread_in_native, id=6104, stack(0x000000001ac10000,0x000000001ad10000)]

Stack: [0x000000001ac10000,0x000000001ad10000]
[error occurred during error reporting (printing stack bounds), id 0xc0000005]

Native frames: (J=compiled Java code, j=interpreted, Vv=VM code, C=native code)


Current CompileTask:
C2: 372130 22063   !   4       com.sun.tools.javac.comp.Lower::visitMethodDefInternal (603 bytes)


---------------  P R O C E S S  ---------------

Java Threads: ( => current thread )
  0x000000001ffa1000 JavaThread "Cache worker for Java compile cache (C:\Users\ayush\AndroidStudioProjects\Signal-Android\.gradle\5.6.4\javaCompile)" [_thread_blocked, id=1040, stack(0x0000000024310000,0x0000000024410000)]
  0x000000001ffa5000 JavaThread "Cache worker for Java compile cache (C:\Users\ayush\.gradle\caches\5.6.4\javaCompile)" [_thread_blocked, id=9160, stack(0x000000001e530000,0x000000001e630000)]
  0x000000001ffa2000 JavaThread "stdout" [_thread_in_native, id=6676, stack(0x0000000029850000,0x0000000029950000)]
  0x000000001ffa3800 JavaThread "stderr" [_thread_in_native, id=11328, stack(0x0000000029750000,0x0000000029850000)]
  0x000000001ff9f000 JavaThread "pool-4-thread-1" [_thread_blocked, id=3792, stack(0x0000000029650000,0x0000000029750000)]
  0x000000001ffa2800 JavaThread "WorkerExecutor Queue Thread 2" [_thread_blocked, id=6100, stack(0x0000000029550000,0x0000000029650000)]
  0x000000001c3a1000 JavaThread "Cache worker for execution history cache (C:\Users\ayush\AndroidStudioProjects\Signal-Android\.gradle\5.6.4\executionHistory)" [_thread_blocked, id=14304, stack(0x0000000029150000,0x0000000029250000)]
  0x000000001c3a5800 JavaThread "Execution worker for ':' Thread 7" [_thread_blocked, id=13576, stack(0x0000000029050000,0x0000000029150000)]
  0x000000001c3a2800 JavaThread "Execution worker for ':' Thread 6" [_thread_blocked, id=8072, stack(0x0000000028f50000,0x0000000029050000)]
  0x000000001c3a6800 JavaThread "Execution worker for ':' Thread 5" [_thread_blocked, id=1752, stack(0x0000000028e50000,0x0000000028f50000)]
  0x000000001fbc0800 JavaThread "Execution worker for ':' Thread 4" [_thread_in_Java, id=11532, stack(0x0000000028d50000,0x0000000028e50000)]
  0x000000001fbc0000 JavaThread "Execution worker for ':' Thread 3" [_thread_blocked, id=4664, stack(0x0000000028c50000,0x0000000028d50000)]
  0x000000001fbc4800 JavaThread "Execution worker for ':' Thread 2" [_thread_blocked, id=9252, stack(0x0000000028b50000,0x0000000028c50000)]
  0x000000001fbbf000 JavaThread "Execution worker for ':'" [_thread_blocked, id=8924, stack(0x0000000028a50000,0x0000000028b50000)]
  0x000000001fbc3800 JavaThread "Cache worker for file content cache (C:\Users\ayush\AndroidStudioProjects\Signal-Android\.gradle\5.6.4\fileContent)" [_thread_blocked, id=13776, stack(0x00000000280e0000,0x00000000281e0000)]
  0x000000001ff6a800 JavaThread "Cache worker for Build Output Cleanup Cache (C:\Users\ayush\AndroidStudioProjects\Signal-Android\.gradle\buildOutputCleanup)" [_thread_blocked, id=5740, stack(0x0000000024210000,0x0000000024310000)]
  0x000000001ff67800 JavaThread "Build operations Thread 8" [_thread_blocked, id=10348, stack(0x0000000024110000,0x0000000024210000)]
  0x000000001ff6d800 JavaThread "Build operations Thread 7" [_thread_blocked, id=8024, stack(0x0000000024010000,0x0000000024110000)]
  0x000000001ff6c800 JavaThread "Build operations Thread 6" [_thread_blocked, id=10608, stack(0x0000000023f10000,0x0000000024010000)]
  0x000000001ff69800 JavaThread "Build operations Thread 5" [_thread_blocked, id=6336, stack(0x0000000023e10000,0x0000000023f10000)]
  0x000000001ff61800 JavaThread "Build operations Thread 4" [_thread_blocked, id=13332, stack(0x0000000023d10000,0x0000000023e10000)]
  0x000000001ff66800 JavaThread "Build operations Thread 3" [_thread_blocked, id=5492, stack(0x0000000023410000,0x0000000023510000)]
  0x000000001ff5f000 JavaThread "Build operations Thread 2" [_thread_blocked, id=12488, stack(0x0000000021c40000,0x0000000021d40000)]
  0x000000001ff64800 JavaThread "Cache worker for cache directory md-rule (C:\Users\ayush\.gradle\caches\5.6.4\md-rule)" [_thread_blocked, id=2032, stack(0x0000000021b40000,0x0000000021c40000)]
  0x000000001ff60800 JavaThread "Cache worker for cache directory md-supplier (C:\Users\ayush\.gradle\caches\5.6.4\md-supplier)" [_thread_blocked, id=7300, stack(0x0000000020fd0000,0x00000000210d0000)]
  0x000000001ff60000 JavaThread "Build operations" [_thread_blocked, id=6264, stack(0x0000000025710000,0x0000000025810000)]
  0x000000001fbb7800 JavaThread "Cache worker for file hash cache (C:\Users\ayush\AndroidStudioProjects\Signal-Android\.gradle\5.6.4\fileHashes)" [_thread_blocked, id=13960, stack(0x000000001e730000,0x000000001e830000)]
  0x000000001fbbe800 JavaThread "Thread-55" [_thread_blocked, id=13132, stack(0x000000001e630000,0x000000001e730000)]
  0x000000001fbb6000 JavaThread "Asynchronous log dispatcher for DefaultDaemonConnection: socket connection from /127.0.0.1:51586 to /127.0.0.1:51671" [_thread_blocked, id=10684, stack(0x000000001e230000,0x000000001e330000)]
  0x000000001fbba800 JavaThread "Daemon worker Thread 2" [_thread_blocked, id=8916, stack(0x000000001e130000,0x000000001e230000)]
  0x000000001fbb8800 JavaThread "Cancel handler" [_thread_blocked, id=11596, stack(0x00000000015f0000,0x00000000016f0000)]
  0x000000001fbbc000 JavaThread "Handler for socket connection from /127.0.0.1:51586 to /127.0.0.1:51671" [_thread_in_native, id=2872, stack(0x00000000014f0000,0x00000000015f0000)]
  0x000000001fbba000 JavaThread "Daemon Thread 2" [_thread_blocked, id=1160, stack(0x00000000013f0000,0x00000000014f0000)]
  0x000000001ff66000 JavaThread "Cache worker for file content cache (C:\Users\ayush\.gradle\caches\5.6.4\fileContent)" [_thread_blocked, id=9692, stack(0x0000000023a10000,0x0000000023b10000)]
  0x000000001ff65000 JavaThread "Memory manager" [_thread_blocked, id=13732, stack(0x0000000023910000,0x0000000023a10000)]
  0x000000001ff62000 JavaThread "Cache worker for execution history cache (C:\Users\ayush\.gradle\caches\5.6.4\executionHistory)" [_thread_blocked, id=11388, stack(0x0000000021d40000,0x0000000021e40000)]
  0x000000001c3a5000 JavaThread "Cache worker for journal cache (C:\Users\ayush\.gradle\caches\journal-1)" [_thread_blocked, id=7092, stack(0x000000001ef30000,0x000000001f030000)]
  0x000000001c3a4000 JavaThread "File lock request listener" [_thread_in_native, id=7528, stack(0x000000001ee30000,0x000000001ef30000)]
  0x000000001ca91800 JavaThread "Cache worker for file hash cache (C:\Users\ayush\.gradle\caches\5.6.4\fileHashes)" [_thread_blocked, id=3008, stack(0x000000001ed30000,0x000000001ee30000)]
  0x000000001b044800 JavaThread "Daemon periodic checks" [_thread_blocked, id=9020, stack(0x000000001e030000,0x000000001e130000)]
  0x000000001c995800 JavaThread "Incoming local TCP Connector on port 51586" [_thread_in_native, id=2948, stack(0x000000001ddf0000,0x000000001def0000)]
  0x000000001c904800 JavaThread "Daemon health stats" [_thread_blocked, id=10108, stack(0x000000001d7b0000,0x000000001d8b0000)]
  0x000000001a1d4800 JavaThread "Service Thread" daemon [_thread_blocked, id=13968, stack(0x000000001ae10000,0x000000001af10000)]
  0x000000001a147000 JavaThread "C1 CompilerThread3" daemon [_thread_blocked, id=10716, stack(0x000000001ad10000,0x000000001ae10000)]
=>0x000000001a143000 JavaThread "C2 CompilerThread2" daemon [_thread_in_native, id=6104, stack(0x000000001ac10000,0x000000001ad10000)]
  0x000000001a13e800 JavaThread "C2 CompilerThread1" daemon [_thread_blocked, id=6672, stack(0x000000001ab10000,0x000000001ac10000)]
  0x000000001a13b800 JavaThread "C2 CompilerThread0" daemon [_thread_in_vm, id=8424, stack(0x000000001aa10000,0x000000001ab10000)]
  0x000000001a13a000 JavaThread "Attach Listener" daemon [_thread_blocked, id=6448, stack(0x000000001a910000,0x000000001aa10000)]
  0x000000001a146000 JavaThread "Signal Dispatcher" daemon [_thread_blocked, id=7472, stack(0x000000001a810000,0x000000001a910000)]
  0x00000000032cd800 JavaThread "Finalizer" daemon [_thread_blocked, id=9852, stack(0x000000001a610000,0x000000001a710000)]
  0x000000001833c000 JavaThread "Reference Handler" daemon [_thread_blocked, id=3568, stack(0x000000001a510000,0x000000001a610000)]
  0x00000000030ce000 JavaThread "main" [_thread_blocked, id=13052, stack(0x00000000030d0000,0x00000000031d0000)]

Other Threads:
  0x0000000018337800 VMThread [stack: 0x000000001a010000,0x000000001a110000] [id=12428]
  0x000000001a1d5000 WatcherThread [stack: 0x000000001af10000,0x000000001b010000] [id=10632]

VM state:not at safepoint (normal execution)

VM Mutex/Monitor currently owned by a thread:  ([mutex/lock_event])
[0x00000000031d1850] CompiledIC_lock - owner thread: 0x000000001a13b800

heap address: 0x0000000080000000, size: 2048 MB, Compressed Oops mode: 32-bit
Narrow klass base: 0x0000000000000000, Narrow klass shift: 3
Compressed class space size: 1073741824 Address: 0x0000000100000000

Heap:
 PSYoungGen      total 450560K, used 117834K [0x00000000d5580000, 0x00000000f9200000, 0x0000000100000000)
  eden space 314880K, 37% used [0x00000000d5580000,0x00000000dc892b28,0x00000000e8900000)
  from space 135680K, 0% used [0x00000000e8900000,0x00000000e8900000,0x00000000f0d80000)
  to   space 127488K, 0% used [0x00000000f1580000,0x00000000f1580000,0x00000000f9200000)
 ParOldGen       total 395264K, used 378488K [0x0000000080000000, 0x0000000098200000, 0x00000000d5580000)
  object space 395264K, 95% used [0x0000000080000000,0x000000009719e1e8,0x0000000098200000)
 Metaspace       used 109289K, capacity 115598K, committed 115752K, reserved 1148928K
  class space    used 14699K, capacity 16339K, committed 16424K, reserved 1048576K

Card table byte_map: [0x0000000012690000,0x0000000012aa0000] byte_map_base: 0x0000000012290000

Marking Bits: (ParMarkBitMap*) 0x000000006e669f30
 Begin Bits: [0x0000000013550000, 0x0000000015550000)
 End Bits:   [0x0000000015550000, 0x0000000017550000)

Polling page: 0x0000000001770000

CodeCache: size=245760Kb used=63266Kb max_used=63502Kb free=182493Kb
 bounds [0x00000000032d0000, 0x00000000071e0000, 0x00000000122d0000]
 total_blobs=17154 nmethods=16292 adapters=775
 compilation: enabled

Compilation events (10 events):
Event: 372.016 Thread 0x000000001a13e800 nmethod 22081 0x00000000068dce90 code [0x00000000068dd020, 0x00000000068dd2a8]
Event: 372.043 Thread 0x000000001a13b800 22082       4       com.sun.tools.javac.tree.TreeTranslator::visitIf (51 bytes)
Event: 372.045 Thread 0x000000001a13b800 nmethod 22082 0x0000000004033450 code [0x00000000040335a0, 0x0000000004033778]
Event: 372.051 Thread 0x000000001a147000 22083       3       com.sun.tools.javac.tree.TreeScanner::visitSwitch (17 bytes)
Event: 372.052 Thread 0x000000001a147000 nmethod 22083 0x00000000068c7090 code [0x00000000068c7200, 0x00000000068c74d8]
Event: 372.067 Thread 0x000000001a13e800 22084       4       com.sun.tools.javac.comp.Flow$CaptureAnalyzer::letInit (142 bytes)
Event: 372.077 Thread 0x000000001a13e800 nmethod 22084 0x00000000067fd4d0 code [0x00000000067fd7a0, 0x00000000067fdc48]
Event: 372.090 Thread 0x000000001a147000 22085       1       com.sun.tools.javac.comp.Resolve$InapplicableSymbolError::exists (2 bytes)
Event: 372.090 Thread 0x000000001a147000 nmethod 22085 0x00000000067a8a50 code [0x00000000067a8ba0, 0x00000000067a8cb0]
Event: 372.091 Thread 0x000000001a13b800 22086       4       com.sun.tools.javac.comp.Attr::visitBinary (301 bytes)

GC Heap History (10 events):
Event: 345.556 GC heap before
{Heap before GC invocations=44 (full 5):
 PSYoungGen      total 381952K, used 364944K [0x00000000d5580000, 0x00000000f5d80000, 0x0000000100000000)
  eden space 269312K, 100% used [0x00000000d5580000,0x00000000e5c80000,0x00000000e5c80000)
  from space 112640K, 84% used [0x00000000ed680000,0x00000000f33e4068,0x00000000f4480000)
  to   space 124928K, 0% used [0x00000000e5c80000,0x00000000e5c80000,0x00000000ed680000)
 ParOldGen       total 395264K, used 232379K [0x0000000080000000, 0x0000000098200000, 0x00000000d5580000)
  object space 395264K, 58% used [0x0000000080000000,0x000000008e2eee18,0x0000000098200000)
 Metaspace       used 108413K, capacity 114766K, committed 114984K, reserved 1148928K
  class space    used 14688K, capacity 16339K, committed 16424K, reserved 1048576K
Event: 345.675 GC heap after
Heap after GC invocations=44 (full 5):
 PSYoungGen      total 394240K, used 119275K [0x00000000d5580000, 0x00000000fa200000, 0x0000000100000000)
  eden space 269312K, 0% used [0x00000000d5580000,0x00000000d5580000,0x00000000e5c80000)
  from space 124928K, 95% used [0x00000000e5c80000,0x00000000ed0fae60,0x00000000ed680000)
  to   space 143872K, 0% used [0x00000000f1580000,0x00000000f1580000,0x00000000fa200000)
 ParOldGen       total 395264K, used 245230K [0x0000000080000000, 0x0000000098200000, 0x00000000d5580000)
  object space 395264K, 62% used [0x0000000080000000,0x000000008ef7b948,0x0000000098200000)
 Metaspace       used 108413K, capacity 114766K, committed 114984K, reserved 1148928K
  class space    used 14688K, capacity 16339K, committed 16424K, reserved 1048576K
}
Event: 351.805 GC heap before
{Heap before GC invocations=45 (full 5):
 PSYoungGen      total 394240K, used 388587K [0x00000000d5580000, 0x00000000fa200000, 0x0000000100000000)
  eden space 269312K, 100% used [0x00000000d5580000,0x00000000e5c80000,0x00000000e5c80000)
  from space 124928K, 95% used [0x00000000e5c80000,0x00000000ed0fae60,0x00000000ed680000)
  to   space 143872K, 0% used [0x00000000f1580000,0x00000000f1580000,0x00000000fa200000)
 ParOldGen       total 395264K, used 245230K [0x0000000080000000, 0x0000000098200000, 0x00000000d5580000)
  object space 395264K, 62% used [0x0000000080000000,0x000000008ef7b948,0x0000000098200000)
 Metaspace       used 109037K, capacity 115342K, committed 115496K, reserved 1148928K
  class space    used 14696K, capacity 16339K, committed 16424K, reserved 1048576K
Event: 351.994 GC heap after
Heap after GC invocations=45 (full 5):
 PSYoungGen      total 442368K, used 52227K [0x00000000d5580000, 0x00000000f9200000, 0x0000000100000000)
  eden space 314880K, 0% used [0x00000000d5580000,0x00000000d5580000,0x00000000e8900000)
  from space 127488K, 40% used [0x00000000f1580000,0x00000000f4880df0,0x00000000f9200000)
  to   space 135680K, 0% used [0x00000000e8900000,0x00000000e8900000,0x00000000f0d80000)
 ParOldGen       total 395264K, used 323617K [0x0000000080000000, 0x0000000098200000, 0x00000000d5580000)
  object space 395264K, 81% used [0x0000000080000000,0x0000000093c08738,0x0000000098200000)
 Metaspace       used 109037K, capacity 115342K, committed 115496K, reserved 1148928K
  class space    used 14696K, capacity 16339K, committed 16424K, reserved 1048576K
}
Event: 356.905 GC heap before
{Heap before GC invocations=46 (full 5):
 PSYoungGen      total 442368K, used 367107K [0x00000000d5580000, 0x00000000f9200000, 0x0000000100000000)
  eden space 314880K, 100% used [0x00000000d5580000,0x00000000e8900000,0x00000000e8900000)
  from space 127488K, 40% used [0x00000000f1580000,0x00000000f4880df0,0x00000000f9200000)
  to   space 135680K, 0% used [0x00000000e8900000,0x00000000e8900000,0x00000000f0d80000)
 ParOldGen       total 395264K, used 323617K [0x0000000080000000, 0x0000000098200000, 0x00000000d5580000)
  object space 395264K, 81% used [0x0000000080000000,0x0000000093c08738,0x0000000098200000)
 Metaspace       used 109202K, capacity 115534K, committed 115752K, reserved 1148928K
  class space    used 14697K, capacity 16339K, committed 16424K, reserved 1048576K
Event: 356.992 GC heap after
Heap after GC invocations=46 (full 5):
 PSYoungGen      total 450560K, used 11297K [0x00000000d5580000, 0x00000000f9200000, 0x0000000100000000)
  eden space 314880K, 0% used [0x00000000d5580000,0x00000000d5580000,0x00000000e8900000)
  from space 135680K, 8% used [0x00000000e8900000,0x00000000e94087d8,0x00000000f0d80000)
  to   space 127488K, 0% used [0x00000000f1580000,0x00000000f1580000,0x00000000f9200000)
 ParOldGen       total 395264K, used 374521K [0x0000000080000000, 0x0000000098200000, 0x00000000d5580000)
  object space 395264K, 94% used [0x0000000080000000,0x0000000096dbe6b0,0x0000000098200000)
 Metaspace       used 109202K, capacity 115534K, committed 115752K, reserved 1148928K
  class space    used 14697K, capacity 16339K, committed 16424K, reserved 1048576K
}
Event: 356.992 GC heap before
{Heap before GC invocations=47 (full 6):
 PSYoungGen      total 450560K, used 11297K [0x00000000d5580000, 0x00000000f9200000, 0x0000000100000000)
  eden space 314880K, 0% used [0x00000000d5580000,0x00000000d5580000,0x00000000e8900000)
  from space 135680K, 8% used [0x00000000e8900000,0x00000000e94087d8,0x00000000f0d80000)
  to   space 127488K, 0% used [0x00000000f1580000,0x00000000f1580000,0x00000000f9200000)
 ParOldGen       total 395264K, used 374521K [0x0000000080000000, 0x0000000098200000, 0x00000000d5580000)
  object space 395264K, 94% used [0x0000000080000000,0x0000000096dbe6b0,0x0000000098200000)
 Metaspace       used 109202K, capacity 115534K, committed 115752K, reserved 1148928K
  class space    used 14697K, capacity 16339K, committed 16424K, reserved 1048576K
Event: 358.928 GC heap after
Heap after GC invocations=47 (full 6):
 PSYoungGen      total 450560K, used 0K [0x00000000d5580000, 0x00000000f9200000, 0x0000000100000000)
  eden space 314880K, 0% used [0x00000000d5580000,0x00000000d5580000,0x00000000e8900000)
  from space 135680K, 0% used [0x00000000e8900000,0x00000000e8900000,0x00000000f0d80000)
  to   space 127488K, 0% used [0x00000000f1580000,0x00000000f1580000,0x00000000f9200000)
 ParOldGen       total 395264K, used 368111K [0x0000000080000000, 0x0000000098200000, 0x00000000d5580000)
  object space 395264K, 93% used [0x0000000080000000,0x000000009677be00,0x0000000098200000)
 Metaspace       used 109202K, capacity 115534K, committed 115752K, reserved 1148928K
  class space    used 14697K, capacity 16339K, committed 16424K, reserved 1048576K
}
Event: 366.503 GC heap before
{Heap before GC invocations=48 (full 7):
 PSYoungGen      total 450560K, used 314880K [0x00000000d5580000, 0x00000000f9200000, 0x0000000100000000)
  eden space 314880K, 100% used [0x00000000d5580000,0x00000000e8900000,0x00000000e8900000)
  from space 135680K, 0% used [0x00000000e8900000,0x00000000e8900000,0x00000000f0d80000)
  to   space 127488K, 0% used [0x00000000f1580000,0x00000000f1580000,0x00000000f9200000)
 ParOldGen       total 395264K, used 368111K [0x0000000080000000, 0x0000000098200000, 0x00000000d5580000)
  object space 395264K, 93% used [0x0000000080000000,0x000000009677be00,0x0000000098200000)
 Metaspace       used 109270K, capacity 115598K, committed 115752K, reserved 1148928K
  class space    used 14699K, capacity 16339K, committed 16424K, reserved 1048576K
Event: 369.868 GC heap after
Heap after GC invocations=48 (full 7):
 PSYoungGen      total 450560K, used 0K [0x00000000d5580000, 0x00000000f9200000, 0x0000000100000000)
  eden space 314880K, 0% used [0x00000000d5580000,0x00000000d5580000,0x00000000e8900000)
  from space 135680K, 0% used [0x00000000e8900000,0x00000000e8900000,0x00000000f0d80000)
  to   space 127488K, 0% used [0x00000000f1580000,0x00000000f1580000,0x00000000f9200000)
 ParOldGen       total 395264K, used 378488K [0x0000000080000000, 0x0000000098200000, 0x00000000d5580000)
  object space 395264K, 95% used [0x0000000080000000,0x000000009719e1e8,0x0000000098200000)
 Metaspace       used 109270K, capacity 115598K, committed 115752K, reserved 1148928K
  class space    used 14699K, capacity 16339K, committed 16424K, reserved 1048576K
}

Deoptimization events (10 events):
Event: 370.640 Thread 0x000000001fbc0800 Uncommon trap: reason=class_check action=maybe_recompile pc=0x0000000006fe8b00 method=com.sun.tools.javac.comp.Check.checkOverride(Lcom/sun/tools/javac/tree/JCTree$JCMethodDecl;Lcom/sun/tools/javac/code/Symbol$MethodSymbol;)V @ 143
Event: 371.501 Thread 0x000000001fbc0800 Uncommon trap: reason=class_check action=maybe_recompile pc=0x00000000066ad960 method=com.sun.tools.javac.comp.Infer$IncorporationStep$11.apply(Lcom/sun/tools/javac/code/Type$UndetVar;Lcom/sun/tools/javac/comp/Infer$InferenceContext;Lcom/sun/tools/javac/u
Event: 371.501 Thread 0x000000001fbc0800 Uncommon trap: reason=class_check action=maybe_recompile pc=0x00000000066ad960 method=com.sun.tools.javac.comp.Infer$IncorporationStep$11.apply(Lcom/sun/tools/javac/code/Type$UndetVar;Lcom/sun/tools/javac/comp/Infer$InferenceContext;Lcom/sun/tools/javac/u
Event: 371.504 Thread 0x000000001fbc0800 Uncommon trap: reason=unstable_if action=reinterpret pc=0x0000000005f7b4ac method=com.sun.tools.javac.comp.Infer$IncorporationStep$1.apply(Lcom/sun/tools/javac/code/Type$UndetVar;Lcom/sun/tools/javac/comp/Infer$InferenceContext;Lcom/sun/tools/javac/util/W
Event: 371.504 Thread 0x000000001fbc0800 Uncommon trap: reason=unstable_if action=reinterpret pc=0x000000000690fec4 method=com.sun.tools.javac.comp.Infer$InferenceContext.notifyChange(Lcom/sun/tools/javac/util/List;)V @ 105
Event: 371.539 Thread 0x000000001fbc0800 Uncommon trap: reason=class_check action=maybe_recompile pc=0x00000000037c9b58 method=com.sun.tools.javac.comp.TransTypes$1.accepts(Ljava/lang/Object;)Z @ 2
Event: 371.539 Thread 0x000000001fbc0800 Uncommon trap: reason=class_check action=maybe_recompile pc=0x00000000037c9b58 method=com.sun.tools.javac.comp.TransTypes$1.accepts(Ljava/lang/Object;)Z @ 2
Event: 371.587 Thread 0x000000001fbc0800 Uncommon trap: reason=bimorphic action=maybe_recompile pc=0x00000000067cfa9c method=com.sun.tools.javac.code.Types.closure(Lcom/sun/tools/javac/code/Type;)Lcom/sun/tools/javac/util/List; @ 25
Event: 371.774 Thread 0x000000001fbc0800 Uncommon trap: reason=unstable_if action=reinterpret pc=0x0000000006a06f90 method=com.sun.tools.javac.jvm.Code.setDefined(I)V @ 8
Event: 371.811 Thread 0x000000001fbc0800 Uncommon trap: reason=unstable_if action=reinterpret pc=0x000000000691a430 method=com.sun.tools.javac.comp.Attr.checkInit(Lcom/sun/tools/javac/tree/JCTree;Lcom/sun/tools/javac/comp/Env;Lcom/sun/tools/javac/code/Symbol$VarSymbol;Z)V @ 11

Classes redefined (0 events):
No events

Internal exceptions (10 events):
Event: 276.087 Thread 0x000000001fbc0800 Exception <a 'java/lang/NoSuchMethodError': <clinit>> (0x00000000dd728620) thrown at [D:\src\AOSP-openjdk-cygwin\jdk8u\hotspot\src\share\vm\prims\jni.cpp, line 1614]
Event: 307.922 Thread 0x000000001ffa2800 Exception <a 'sun/nio/fs/WindowsException'> (0x00000000e15c3640) thrown at [D:\src\AOSP-openjdk-cygwin\jdk8u\hotspot\src\share\vm\prims\jni.cpp, line 710]
Event: 307.928 Thread 0x000000001ffa2800 Exception <a 'sun/nio/fs/WindowsException'> (0x00000000e15ddbb0) thrown at [D:\src\AOSP-openjdk-cygwin\jdk8u\hotspot\src\share\vm\prims\jni.cpp, line 710]
Event: 307.928 Thread 0x000000001ffa2800 Exception <a 'sun/nio/fs/WindowsException'> (0x00000000e15de058) thrown at [D:\src\AOSP-openjdk-cygwin\jdk8u\hotspot\src\share\vm\prims\jni.cpp, line 710]
Event: 308.658 Thread 0x000000001fbc0800 Implicit null exception at 0x00000000053e5685 to 0x00000000053e6bed
Event: 310.736 Thread 0x000000001fbc0800 Implicit null exception at 0x0000000005ac6832 to 0x0000000005ac6a35
Event: 331.613 Thread 0x000000001fbc0800 Implicit null exception at 0x00000000051306b3 to 0x0000000005130d51
Event: 337.411 Thread 0x000000001fbc0800 Implicit null exception at 0x0000000005d75271 to 0x0000000005d75611
Event: 337.447 Thread 0x000000001fbc0800 Implicit null exception at 0x000000000390ccd4 to 0x000000000390d9a1
Event: 371.774 Thread 0x000000001fbc0800 Implicit null exception at 0x0000000006a06587 to 0x0000000006a06f79

Events (10 events):
Event: 371.811 Thread 0x000000001fbc0800 DEOPT PACKING pc=0x000000000691a430 sp=0x0000000028e49a60
Event: 371.811 Thread 0x000000001fbc0800 DEOPT UNPACKING pc=0x000000000331557b sp=0x0000000028e49a10 mode 2
Event: 372.002 Thread 0x000000001a147000 flushing nmethod 0x0000000004033450
Event: 372.002 Thread 0x000000001a147000 flushing nmethod 0x00000000041098d0
Event: 372.008 Thread 0x000000001a147000 flushing nmethod 0x000000000475dd50
Event: 372.052 Thread 0x000000001a147000 flushing nmethod 0x000000000518f890
Event: 372.053 Thread 0x000000001a147000 flushing nmethod 0x00000000053d6fd0
Event: 372.077 Thread 0x000000001a13e800 flushing nmethod 0x00000000054d3cd0
Event: 372.090 Thread 0x000000001a147000 flushing nmethod 0x00000000058f6b10
Event: 372.091 Thread 0x000000001a147000 flushing nmethod 0x0000000005a24190


Dynamic libraries:
0x00007ff62d870000 - 0x00007ff62d8a1000 	C:\Program Files\Android\Android Studio\jre\bin\java.exe
0x00007ffa557c0000 - 0x00007ffa559b0000 	C:\WINDOWS\SYSTEM32\ntdll.dll
0x00007ffa53870000 - 0x00007ffa53922000 	C:\WINDOWS\System32\KERNEL32.DLL
0x00007ffa529e0000 - 0x00007ffa52c84000 	C:\WINDOWS\System32\KERNELBASE.dll
0x00007ffa53df0000 - 0x00007ffa53e93000 	C:\WINDOWS\System32\ADVAPI32.dll
0x00007ffa53bf0000 - 0x00007ffa53c8e000 	C:\WINDOWS\System32\msvcrt.dll
0x00007ffa53ed0000 - 0x00007ffa53f67000 	C:\WINDOWS\System32\sechost.dll
0x00007ffa55640000 - 0x00007ffa55760000 	C:\WINDOWS\System32\RPCRT4.dll
0x00007ffa545a0000 - 0x00007ffa54734000 	C:\WINDOWS\System32\USER32.dll
0x00007ffa53790000 - 0x00007ffa537b1000 	C:\WINDOWS\System32\win32u.dll
0x00007ffa55610000 - 0x00007ffa55636000 	C:\WINDOWS\System32\GDI32.dll
0x00007ffa53440000 - 0x00007ffa535d4000 	C:\WINDOWS\System32\gdi32full.dll
0x00007ffa52770000 - 0x00007ffa5280e000 	C:\WINDOWS\System32\msvcp_win.dll
0x00007ffa53630000 - 0x00007ffa5372a000 	C:\WINDOWS\System32\ucrtbase.dll
0x00007ffa31670000 - 0x00007ffa318f4000 	C:\WINDOWS\WinSxS\amd64_microsoft.windows.common-controls_6595b64144ccf1df_6.0.18362.836_none_e6c4b943130f18ed\COMCTL32.dll
0x00007ffa540a0000 - 0x00007ffa543d6000 	C:\WINDOWS\System32\combase.dll
0x00007ffa52960000 - 0x00007ffa529e0000 	C:\WINDOWS\System32\bcryptPrimitives.dll
0x00007ffa53ea0000 - 0x00007ffa53ece000 	C:\WINDOWS\System32\IMM32.DLL
0x000000006ef30000 - 0x000000006f002000 	C:\Program Files\Android\Android Studio\jre\jre\bin\msvcr100.dll
0x000000006dea0000 - 0x000000006e6e6000 	C:\Program Files\Android\Android Studio\jre\jre\bin\server\jvm.dll
0x00007ffa54470000 - 0x00007ffa54478000 	C:\WINDOWS\System32\PSAPI.DLL
0x00007ffa4ee60000 - 0x00007ffa4ee84000 	C:\WINDOWS\SYSTEM32\WINMM.dll
0x00007ffa4de30000 - 0x00007ffa4de3a000 	C:\WINDOWS\SYSTEM32\VERSION.dll
0x00007ffa4f860000 - 0x00007ffa4f869000 	C:\WINDOWS\SYSTEM32\WSOCK32.dll
0x00007ffa4e5f0000 - 0x00007ffa4e61d000 	C:\WINDOWS\SYSTEM32\WINMMBASE.dll
0x00007ffa535e0000 - 0x00007ffa5362a000 	C:\WINDOWS\System32\cfgmgr32.dll
0x00007ffa55320000 - 0x00007ffa5538f000 	C:\WINDOWS\System32\WS2_32.dll
0x00007ffa4f820000 - 0x00007ffa4f82f000 	C:\Program Files\Android\Android Studio\jre\jre\bin\verify.dll
0x00007ffa4de90000 - 0x00007ffa4deb9000 	C:\Program Files\Android\Android Studio\jre\jre\bin\java.dll
0x00007ffa4de70000 - 0x00007ffa4de86000 	C:\Program Files\Android\Android Studio\jre\jre\bin\zip.dll
0x00007ffa54bb0000 - 0x00007ffa55294000 	C:\WINDOWS\System32\SHELL32.dll
0x00007ffa54480000 - 0x00007ffa54529000 	C:\WINDOWS\System32\shcore.dll
0x00007ffa52cc0000 - 0x00007ffa5343e000 	C:\WINDOWS\System32\windows.storage.dll
0x00007ffa52700000 - 0x00007ffa52723000 	C:\WINDOWS\System32\profapi.dll
0x00007ffa526b0000 - 0x00007ffa526fa000 	C:\WINDOWS\System32\powrprof.dll
0x00007ffa52680000 - 0x00007ffa52690000 	C:\WINDOWS\System32\UMPDC.dll
0x00007ffa54530000 - 0x00007ffa54582000 	C:\WINDOWS\System32\shlwapi.dll
0x00007ffa52690000 - 0x00007ffa526a1000 	C:\WINDOWS\System32\kernel.appcore.dll
0x00007ffa52750000 - 0x00007ffa52767000 	C:\WINDOWS\System32\cryptsp.dll
0x00007ffa4de10000 - 0x00007ffa4de2a000 	C:\Program Files\Android\Android Studio\jre\jre\bin\net.dll
0x00007ffa48b20000 - 0x00007ffa48cf6000 	C:\WINDOWS\SYSTEM32\urlmon.dll
0x00007ffa47d10000 - 0x00007ffa47fb6000 	C:\WINDOWS\SYSTEM32\iertutil.dll
0x00007ffa52060000 - 0x00007ffa5206c000 	C:\WINDOWS\SYSTEM32\CRYPTBASE.DLL
0x00007ffa51e90000 - 0x00007ffa51ef7000 	C:\WINDOWS\system32\mswsock.dll
0x00007ffa4b240000 - 0x00007ffa4b253000 	C:\Program Files\Android\Android Studio\jre\jre\bin\nio.dll
0x00007ffa4a2d0000 - 0x00007ffa4a2f6000 	C:\Users\ayush\.gradle\native\30\windows-amd64\native-platform.dll
0x00007ffa4f600000 - 0x00007ffa4f60d000 	C:\Program Files\Android\Android Studio\jre\jre\bin\management.dll
0x00007ffa51a00000 - 0x00007ffa51a33000 	C:\WINDOWS\system32\rsaenh.dll
0x00007ffa52c90000 - 0x00007ffa52cb6000 	C:\WINDOWS\System32\bcrypt.dll
0x00007ffa525a0000 - 0x00007ffa525c5000 	C:\WINDOWS\SYSTEM32\USERENV.dll
0x00007ffa51ba0000 - 0x00007ffa51bda000 	C:\WINDOWS\SYSTEM32\IPHLPAPI.DLL
0x00007ffa54590000 - 0x00007ffa54598000 	C:\WINDOWS\System32\NSI.dll
0x00007ffa4b540000 - 0x00007ffa4b556000 	C:\WINDOWS\SYSTEM32\dhcpcsvc6.DLL
0x00007ffa4be10000 - 0x00007ffa4be2c000 	C:\WINDOWS\SYSTEM32\dhcpcsvc.DLL
0x00007ffa51be0000 - 0x00007ffa51cab000 	C:\WINDOWS\SYSTEM32\DNSAPI.dll

VM Arguments:
jvm_args: -Xmx2048m -Dfile.encoding=windows-1252 -Duser.country=GB -Duser.language=en -Duser.variant 
java_command: org.gradle.launcher.daemon.bootstrap.GradleDaemon 5.6.4
java_class_path (initial): C:\Users\ayush\.gradle\wrapper\dists\gradle-5.6.4-all\ankdp27end7byghfw1q2sw75f\gradle-5.6.4\lib\gradle-launcher-5.6.4.jar
Launcher Type: SUN_STANDARD

Environment Variables:
JAVA_HOME=C:\Program Files\Java\jdk-12.0.2
PATH=C:\WINDOWS\system32;C:\WINDOWS;C:\WINDOWS\System32\Wbem;C:\WINDOWS\System32\WindowsPowerShell\v1.0\;C:\WINDOWS\System32\OpenSSH\;C:\Program Files\Intel\WiFi\bin\;C:\Program Files\Common Files\Intel\WirelessCommon\;C:\Program Files\Java\jdk-12.0.2\bin;C:\Program Files\Git\cmd;C:\Users\ayush\AppData\Local\Microsoft\WindowsApps
USERNAME=ayush
OS=Windows_NT
PROCESSOR_IDENTIFIER=AMD64 Family 23 Model 17 Stepping 0, AuthenticAMD



---------------  S Y S T E M  ---------------

OS: Windows 10.0 , 64 bit Build 18362 (10.0.18362.778)

CPU:total 8 (initial active 8) (8 cores per cpu, 1 threads per core) family 23 model 17 stepping 0, cmov, cx8, fxsr, mmx, sse, sse2, sse3, ssse3, sse4.1, sse4.2, popcnt, avx, avx2, aes, clmul, mmxext, 3dnowpref, lzcnt, sse4a, tsc, tscinvbit, tscinv, bmi1

Memory: 4k page, physical 7288004k(859196k free), swap 9052356k(5764k free)

vm_info: OpenJDK 64-Bit Server VM (25.212-b04) for windows-amd64 JRE (1.8.0_212-release-1586-b04), built by "builder" with MS VC++ 10.0 (VS2010)

time: Fri May 15 20:33:32 2020
timezone: Sri Lanka Standard Time
elapsed time: 372 seconds (0d 0h 6m 12s)

